seq.cpp:9:10: fatal error: rapidjson/error/error.h: No such file or directory
    9 | #include "rapidjson/error/error.h"
      |          ^~~~~~~~~~~~~~~~~~~~~~~~~
compilation terminated.
make: *** [Makefile:14: seq.o] Error 1
